start_utc=20260212T012023Z
real 8.00
user 0.33
sys 4.98
✔ [2/20] Built Cache.Lean (271ms)
✔ [5/20] Built Cache.Lean:c.o (247ms)
✔ [6/20] Built Batteries.Data.String.Basic (241ms)
✔ [7/20] Built Cache.IO (610ms)
✔ [8/20] Built Batteries.Data.String.Basic:c.o (73ms)
✔ [9/20] Built Batteries.Data.Array.Match (429ms)
✔ [10/20] Built Batteries.Data.Array.Match:c.o (138ms)
✔ [11/20] Built Batteries.Data.String.Matcher (278ms)
✔ [12/20] Built Batteries.Data.String.Matcher:c.o (118ms)
✔ [13/20] Built Cache.Hashing (516ms)
✔ [14/20] Built Cache.IO:c.o (609ms)
✔ [15/20] Built Cache.Hashing:c.o (225ms)
✔ [16/20] Built Cache.Requests (675ms)
✔ [17/20] Built Cache.Main (451ms)
✔ [18/20] Built Cache.Requests:c.o (485ms)
✔ [19/20] Built Cache.Main:c.o (225ms)
✔ [20/20] Built cache:exe (757ms)
Fetching ProofWidgets cloud release... done!
Current branch: HEAD
Using cache (Azure) from origin: leanprover-community/mathlib4
No files to download
Decompressing 7572 file(s)
Unpacked in 5543 ms
Completed successfully!
real 15.01
user 17.38
sys 18.39
✔ [7588/7729] Built Lattice_Distance_Monotonicity_Theorem (4.0s)
✔ [7589/7729] Built System_Node_ModProd_Theorem (4.2s)
✔ [7590/7729] Built Catalan_42_Theorem (4.3s)
⚠ [7591/7729] Built QuaternionGroup_Octave_Lens_Theorem (4.4s)
warning: lean/QuaternionGroup_Octave_Lens_Theorem.lean:44:2: try 'simp' instead of 'simpa'

Note: This linter can be disabled with `set_option linter.unnecessarySimpa false`
⚠ [7592/7729] Built CycleStep_Orbit_Theorem (4.6s)
warning: lean/CycleStep_Orbit_Theorem.lean:191:2: try 'simp' instead of 'simpa'

Note: This linter can be disabled with `set_option linter.unnecessarySimpa false`
⚠ [7593/7729] Built Exact_Cancellation_Theorem (5.2s)
warning: lean/Exact_Cancellation_Theorem.lean:85:6: try 'simp' instead of 'simpa'

Note: This linter can be disabled with `set_option linter.unnecessarySimpa false`
warning: lean/Exact_Cancellation_Theorem.lean:72:33: This simp argument is unused:
  mul_left_comm

Hint: Omit it from the simp argument list.
  simp [mul_assoc, mul_comm,̵ ̵m̵u̵l̵_̵l̵e̵f̵t̵_̵c̵o̵m̵m̵]

Note: This linter can be disabled with `set_option linter.unusedSimpArgs false`
warning: lean/Exact_Cancellation_Theorem.lean:108:4: try 'simp' instead of 'simpa'

Note: This linter can be disabled with `set_option linter.unnecessarySimpa false`
⚠ [7594/7729] Built Unity_Cube_Identities (5.7s)
warning: lean/Unity_Cube_Identities.lean:31:22: This simp argument is unused:
  pow_two

Hint: Omit it from the simp argument list.
  simp [pow_succ, p̵o̵w̵_̵t̵w̵o̵,̵ ̵mul_assoc, mul_left_comm, mul_comm]

Note: This linter can be disabled with `set_option linter.unusedSimpArgs false`
warning: lean/Unity_Cube_Identities.lean:31:31: This simp argument is unused:
  mul_assoc

Hint: Omit it from the simp argument list.
  simp [pow_succ, pow_two, m̵u̵l̵_̵a̵s̵s̵o̵c̵,̵ ̵mul_left_comm, mul_comm]

Note: This linter can be disabled with `set_option linter.unusedSimpArgs false`
warning: lean/Unity_Cube_Identities.lean:31:42: This simp argument is unused:
  mul_left_comm

Hint: Omit it from the simp argument list.
  simp [pow_succ, pow_two, mul_assoc, m̵u̵l̵_̵l̵e̵f̵t̵_̵c̵o̵m̵m̵,̵ ̵mul_comm]

Note: This linter can be disabled with `set_option linter.unusedSimpArgs false`
✔ [7595/7729] Built Projection_Versions_Reduction_Protocol_Theorem (123s)
✔ [7596/7729] Built Position_Counted_Scale_Projection_Protocol_Theorem (124s)
✔ [7597/7729] Built PPN_Micro_Oscillation_Projection_Protocol_Theorem (125s)
✔ [7598/7729] Built Projection_Technique_Variation_Protocol_Theorem (125s)
✔ [7599/7729] Built Projection_Zero_Distance_Identity_Protocol_Theorem (125s)
✔ [7600/7729] Built Mod1001_Composite_Cycle_Protocol_Theorem (129s)
✔ [7601/7729] Built Mod1001_Inevitability_Protocol_Theorem (129s)
✔ [7602/7729] Built Mod1001_Order_Decomposition_Protocol_Theorem (125s)
✔ [7603/7729] Built Monster_Mod1001_Order_Classes_Protocol_Theorem (129s)
✔ [7604/7729] Built Moonshine_Inevitability_Chain_Protocol_Theorem (124s)
✔ [7605/7729] Built Wallis_Product_Theorem (127s)
✔ [7606/7729] Built Platonic_Pythagorean_Triangle_Theorem (127s)
✔ [7607/7729] Built Sigma1_Pattern_Theorem (127s)
✔ [7608/7729] Built Network_Optima_Prediction_Protocol_Theorem (127s)
✔ [7609/7729] Built Network_137_Threshold_Protocol_Theorem (127s)
✔ [7610/7729] Built Observer_Composition_Projection_Protocol_Theorem (127s)
✔ [7611/7729] Built Riemann_Zero_Exclusion_Theorem (127s)
✔ [7612/7729] Built Tn_Recurrence_Universality_Theorem (127s)
✔ [7613/7729] Built Tn_Recurrence_Universality_Higher_Theorem (127s)
⚠ [7614/7729] Built Tn_Truncated_Engine (128s)
warning: lean/Tn_Truncated_Engine.lean:70:2: try 'simp' instead of 'simpa'

Note: This linter can be disabled with `set_option linter.unnecessarySimpa false`
warning: lean/Tn_Truncated_Engine.lean:102:4: try 'simp' instead of 'simpa'

Note: This linter can be disabled with `set_option linter.unnecessarySimpa false`
warning: lean/Tn_Truncated_Engine.lean:142:8: try 'simp' instead of 'simpa'

Note: This linter can be disabled with `set_option linter.unnecessarySimpa false`
warning: lean/Tn_Truncated_Engine.lean:216:12: try 'simp' instead of 'simpa'

Note: This linter can be disabled with `set_option linter.unnecessarySimpa false`
warning: lean/Tn_Truncated_Engine.lean:224:12: try 'simp' instead of 'simpa'

Note: This linter can be disabled with `set_option linter.unnecessarySimpa false`
warning: lean/Tn_Truncated_Engine.lean:396:2: try 'simp' instead of 'simpa'

Note: This linter can be disabled with `set_option linter.unnecessarySimpa false`
warning: lean/Tn_Truncated_Engine.lean:372:35: This simp argument is unused:
  mul_assoc

Hint: Omit it from the simp argument list.
  simp [hxsum, hA, hB,̵ ̵m̵u̵l̵_̵a̵s̵s̵o̵c̵]

Note: This linter can be disabled with `set_option linter.unusedSimpArgs false`
warning: lean/Tn_Truncated_Engine.lean:405:62: This simp argument is unused:
  scaleCoeffs

Hint: Omit it from the simp argument list.
  simp [aCoeffs, ih, factorCoeffs_scale, mulCoeffs_scale,̵ ̵s̵c̵a̵l̵e̵C̵o̵e̵f̵f̵s̵]

Note: This linter can be disabled with `set_option linter.unusedSimpArgs false`
✔ [7615/7729] Built SL13_Cardinality_Theorem (144s)
✔ [7616/7729] Built Prime_Self_Perspective_Theorem (144s)
✔ [7617/7729] Built Trinity_Source_4441_Theorem (144s)
✔ [7618/7729] Built Prime13_Depth_Boundary_Theorem (144s)
✔ [7619/7729] Built SL_Mirror_Involution_REST_Theorem (143s)
✔ [7620/7729] Built Triad_Balance_Definition_Theorem (144s)
✔ [7621/7729] Built Multi_Constant_Resonance_Model_Theorem (144s)
✔ [7622/7729] Built Spherical_Harmonic_Breathing_Theorem (144s)
✔ [7623/7729] Built Octonion_Fano_Nonassociative_Witness (144s)
⚠ [7624/7729] Built SmallWorld_Overlap_Flip_Theorem (146s)
warning: lean/SmallWorld_Overlap_Flip_Theorem.lean:110:16: try 'simp' instead of 'simpa'

Note: This linter can be disabled with `set_option linter.unnecessarySimpa false`
✔ [7625/7729] Built Inverse_Constant_Definition_Theorem (156s)
✔ [7626/7729] Built Seam_Generic_Classification_Theorem (156s)
✔ [7627/7729] Built Tzolkin_Identity_Theorem (156s)
✔ [7628/7729] Built Index_Of_Indexes_Theorem (154s)
⚠ [7629/7729] Built Interface_Polynomial_Identities_Theorem (156s)
warning: lean/Interface_Polynomial_Identities_Theorem.lean:25:2: try 'simp' instead of 'simpa'

Note: This linter can be disabled with `set_option linter.unnecessarySimpa false`
warning: lean/Interface_Polynomial_Identities_Theorem.lean:65:41: Try `simp at hρroot` instead of `simpa using hρroot`

Note: This linter can be disabled with `set_option linter.unnecessarySimpa false`
✔ [7630/7729] Built Interval_Inversion_Ratio_Theorem (156s)
⚠ [7631/7729] Built Observer_Scale_Projection_Composition_Theorem (156s)
warning: lean/Observer_Scale_Projection_Composition_Theorem.lean:43:42: This simp argument is unused:
  add_left_comm

Hint: Omit it from the simp argument list.
  simp [Int.cast_add, mul_add, add_assoc, a̵d̵d̵_̵l̵e̵f̵t̵_̵c̵o̵m̵m̵,̵ ̵add_comm]

Note: This linter can be disabled with `set_option linter.unusedSimpArgs false`
warning: lean/Observer_Scale_Projection_Composition_Theorem.lean:43:57: This simp argument is unused:
  add_comm

Hint: Omit it from the simp argument list.
  simp [Int.cast_add, mul_add, add_assoc, add_left_comm,̵ ̵a̵d̵d̵_̵c̵o̵m̵m̵]

Note: This linter can be disabled with `set_option linter.unusedSimpArgs false`
⚠ [7632/7729] Built Recursive_Grid_Generic_Base_Theorem (156s)
warning: lean/Recursive_Grid_Generic_Base_Theorem.lean:53:60: This simp argument is unused:
  Nat.mul_left_comm

Hint: Omit it from the simp argument list.
  simp [Nat.pow_succ, Nat.div_div_eq_div_mul, Nat.mul_comm, N̵a̵t̵.̵m̵u̵l̵_̵l̵e̵f̵t̵_̵c̵o̵m̵m̵,̵ ̵Nat.mul_assoc]

Note: This linter can be disabled with `set_option linter.unusedSimpArgs false`
warning: lean/Recursive_Grid_Generic_Base_Theorem.lean:53:79: This simp argument is unused:
  Nat.mul_assoc

Hint: Omit it from the simp argument list.
  simp [Nat.pow_succ, Nat.div_div_eq_div_mul, Nat.mul_comm, Nat.mul_left_comm,̵ ̵N̵a̵t̵.̵m̵u̵l̵_̵a̵s̵s̵o̵c̵]

Note: This linter can be disabled with `set_option linter.unusedSimpArgs false`
warning: lean/Recursive_Grid_Generic_Base_Theorem.lean:70:2: try 'simp' instead of 'simpa'

Note: This linter can be disabled with `set_option linter.unnecessarySimpa false`
warning: lean/Recursive_Grid_Generic_Base_Theorem.lean:87:38: try 'simp' instead of 'simpa'

Note: This linter can be disabled with `set_option linter.unnecessarySimpa false`
warning: lean/Recursive_Grid_Generic_Base_Theorem.lean:99:6: try 'simp' instead of 'simpa'

Note: This linter can be disabled with `set_option linter.unnecessarySimpa false`
warning: lean/Recursive_Grid_Generic_Base_Theorem.lean:101:6: try 'simp' instead of 'simpa'

Note: This linter can be disabled with `set_option linter.unnecessarySimpa false`
warning: lean/Recursive_Grid_Generic_Base_Theorem.lean:129:8: try 'simp' instead of 'simpa'

Note: This linter can be disabled with `set_option linter.unnecessarySimpa false`
warning: lean/Recursive_Grid_Generic_Base_Theorem.lean:138:6: try 'simp' instead of 'simpa'

Note: This linter can be disabled with `set_option linter.unnecessarySimpa false`
warning: lean/Recursive_Grid_Generic_Base_Theorem.lean:142:48: try 'simp' instead of 'simpa'

Note: This linter can be disabled with `set_option linter.unnecessarySimpa false`
warning: lean/Recursive_Grid_Generic_Base_Theorem.lean:126:14: This simp argument is unused:
  Nat.add_assoc

Hint: Omit it from the simp argument list.
  simp [Nat.add_a̵s̵s̵o̵c̵,̵ ̵N̵a̵t̵.̵a̵d̵d̵_̵left_comm, Nat.add_comm]

Note: This linter can be disabled with `set_option linter.unusedSimpArgs false`
warning: lean/Recursive_Grid_Generic_Base_Theorem.lean:158:34: try 'simp' instead of 'simpa'

Note: This linter can be disabled with `set_option linter.unnecessarySimpa false`
warning: lean/Recursive_Grid_Generic_Base_Theorem.lean:160:39: This simp argument is unused:
  Nat.mul_left_comm

Hint: Omit it from the simp argument list.
  simp [Nat.pow_add, Nat.mul_comm, N̵a̵t̵.̵m̵u̵l̵_̵l̵e̵f̵t̵_̵c̵o̵m̵m̵,̵ ̵Nat.mul_assoc]

Note: This linter can be disabled with `set_option linter.unusedSimpArgs false`
warning: lean/Recursive_Grid_Generic_Base_Theorem.lean:160:58: This simp argument is unused:
  Nat.mul_assoc

Hint: Omit it from the simp argument list.
  simp [Nat.pow_add, Nat.mul_comm, Nat.mul_left_comm,̵ ̵N̵a̵t̵.̵m̵u̵l̵_̵a̵s̵s̵o̵c̵]

Note: This linter can be disabled with `set_option linter.unusedSimpArgs false`
warning: lean/Recursive_Grid_Generic_Base_Theorem.lean:177:2: try 'simp' instead of 'simpa'

Note: This linter can be disabled with `set_option linter.unnecessarySimpa false`
⚠ [7633/7729] Built Recursive_Grid_Base13_Theorem (156s)
warning: lean/Recursive_Grid_Base13_Theorem.lean:51:60: This simp argument is unused:
  Nat.mul_left_comm

Hint: Omit it from the simp argument list.
  simp [Nat.pow_succ, Nat.div_div_eq_div_mul, Nat.mul_comm, N̵a̵t̵.̵m̵u̵l̵_̵l̵e̵f̵t̵_̵c̵o̵m̵m̵,̵ ̵Nat.mul_assoc]

Note: This linter can be disabled with `set_option linter.unusedSimpArgs false`
warning: lean/Recursive_Grid_Base13_Theorem.lean:51:79: This simp argument is unused:
  Nat.mul_assoc

Hint: Omit it from the simp argument list.
  simp [Nat.pow_succ, Nat.div_div_eq_div_mul, Nat.mul_comm, Nat.mul_left_comm,̵ ̵N̵a̵t̵.̵m̵u̵l̵_̵a̵s̵s̵o̵c̵]

Note: This linter can be disabled with `set_option linter.unusedSimpArgs false`
warning: lean/Recursive_Grid_Base13_Theorem.lean:72:2: try 'simp' instead of 'simpa'

Note: This linter can be disabled with `set_option linter.unnecessarySimpa false`
warning: lean/Recursive_Grid_Base13_Theorem.lean:93:8: try 'simp' instead of 'simpa'

Note: This linter can be disabled with `set_option linter.unnecessarySimpa false`
warning: lean/Recursive_Grid_Base13_Theorem.lean:109:6: try 'simp' instead of 'simpa'

Note: This linter can be disabled with `set_option linter.unnecessarySimpa false`
warning: lean/Recursive_Grid_Base13_Theorem.lean:111:6: try 'simp' instead of 'simpa'

Note: This linter can be disabled with `set_option linter.unnecessarySimpa false`
warning: lean/Recursive_Grid_Base13_Theorem.lean:146:40: try 'simp' instead of 'simpa'

Note: This linter can be disabled with `set_option linter.unnecessarySimpa false`
warning: lean/Recursive_Grid_Base13_Theorem.lean:148:39: This simp argument is unused:
  Nat.mul_left_comm

Hint: Omit it from the simp argument list.
  simp [Nat.pow_add, Nat.mul_comm, N̵a̵t̵.̵m̵u̵l̵_̵l̵e̵f̵t̵_̵c̵o̵m̵m̵,̵ ̵Nat.mul_assoc]

Note: This linter can be disabled with `set_option linter.unusedSimpArgs false`
warning: lean/Recursive_Grid_Base13_Theorem.lean:148:58: This simp argument is unused:
  Nat.mul_assoc

Hint: Omit it from the simp argument list.
  simp [Nat.pow_add, Nat.mul_comm, Nat.mul_left_comm,̵ ̵N̵a̵t̵.̵m̵u̵l̵_̵a̵s̵s̵o̵c̵]

Note: This linter can be disabled with `set_option linter.unusedSimpArgs false`
warning: lean/Recursive_Grid_Base13_Theorem.lean:173:2: try 'simp' instead of 'simpa'

Note: This linter can be disabled with `set_option linter.unnecessarySimpa false`
warning: lean/Recursive_Grid_Base13_Theorem.lean:215:8: try 'simp' instead of 'simpa'

Note: This linter can be disabled with `set_option linter.unnecessarySimpa false`
warning: lean/Recursive_Grid_Base13_Theorem.lean:224:6: try 'simp' instead of 'simpa'

Note: This linter can be disabled with `set_option linter.unnecessarySimpa false`
warning: lean/Recursive_Grid_Base13_Theorem.lean:228:60: try 'simp' instead of 'simpa'

Note: This linter can be disabled with `set_option linter.unnecessarySimpa false`
✔ [7634/7729] Built J_Function_Coefficient_Theorem (156s)
✔ [7635/7729] Built Dark_Matter_Projection_Protocol_Theorem (87s)
⚠ [7636/7729] Built Decimal_Mod1001_Concurrency_Theorem (87s)
warning: lean/Decimal_Mod1001_Concurrency_Theorem.lean:46:6: try 'simp' instead of 'simpa'

Note: This linter can be disabled with `set_option linter.unnecessarySimpa false`
warning: lean/Decimal_Mod1001_Concurrency_Theorem.lean:90:6: try 'simp' instead of 'simpa'

Note: This linter can be disabled with `set_option linter.unnecessarySimpa false`
warning: lean/Decimal_Mod1001_Concurrency_Theorem.lean:97:6: try 'simp' instead of 'simpa'

Note: This linter can be disabled with `set_option linter.unnecessarySimpa false`
✔ [7637/7729] Built Decimal_Nested_Tick_Projection_Protocol_Theorem (87s)
✔ [7638/7729] Built Dimensional_Doubling_Sequence_Theorem (87s)
✔ [7639/7729] Built Fibonacci_Seed_Monster_Theorem (87s)
✔ [7640/7729] Built Fine_Structure_Internal_Consistency_Theorem (87s)
✔ [7641/7729] Built Frobenius_Emergence_Theorem (87s)
✔ [7642/7729] Built Galaxy_Rotation_Mod13_Residual_Protocol_Theorem (87s)
⚠ [7643/7729] Built Golden_Silver_Inverse_Identities_Theorem (87s)
warning: lean/Golden_Silver_Inverse_Identities_Theorem.lean:22:36: try 'simp' instead of 'simpa'

Note: This linter can be disabled with `set_option linter.unnecessarySimpa false`
warning: lean/Golden_Silver_Inverse_Identities_Theorem.lean:35:6: try 'simp' instead of 'simpa'

Note: This linter can be disabled with `set_option linter.unnecessarySimpa false`
⚠ [7644/7729] Built Gap_Set_Prime_Theorem (87s)
warning: lean/Gap_Set_Prime_Theorem.lean:133:51: This simp argument is unused:
  hng

Hint: Omit it from the simp argument list.
  simp [hn, h̵n̵g̵,̵ ̵Array.size_setIfInBounds]

Note: This linter can be disabled with `set_option linter.unusedSimpArgs false`
warning: lean/Gap_Set_Prime_Theorem.lean:252:35: try 'simp' instead of 'simpa'

Note: This linter can be disabled with `set_option linter.unnecessarySimpa false`
warning: lean/Gap_Set_Prime_Theorem.lean:278:68: try 'simp' instead of 'simpa'

Note: This linter can be disabled with `set_option linter.unnecessarySimpa false`
warning: lean/Gap_Set_Prime_Theorem.lean:292:69: try 'simp' instead of 'simpa'

Note: This linter can be disabled with `set_option linter.unnecessarySimpa false`
warning: lean/Gap_Set_Prime_Theorem.lean:312:14: Try `simp at hmbad` instead of `simpa using hmbad`

Note: This linter can be disabled with `set_option linter.unnecessarySimpa false`
warning: lean/Gap_Set_Prime_Theorem.lean:331:38: try 'simp' instead of 'simpa'

Note: This linter can be disabled with `set_option linter.unnecessarySimpa false`
warning: lean/Gap_Set_Prime_Theorem.lean:333:18: try 'simp' instead of 'simpa'

Note: This linter can be disabled with `set_option linter.unnecessarySimpa false`
warning: lean/Gap_Set_Prime_Theorem.lean:411:10: try 'simp' instead of 'simpa'

Note: This linter can be disabled with `set_option linter.unnecessarySimpa false`
warning: lean/Gap_Set_Prime_Theorem.lean:420:12: try 'simp' instead of 'simpa'

Note: This linter can be disabled with `set_option linter.unnecessarySimpa false`
warning: lean/Gap_Set_Prime_Theorem.lean:455:12: try 'simp' instead of 'simpa'

Note: This linter can be disabled with `set_option linter.unnecessarySimpa false`
warning: lean/Gap_Set_Prime_Theorem.lean:461:12: try 'simp' instead of 'simpa'

Note: This linter can be disabled with `set_option linter.unnecessarySimpa false`
warning: lean/Gap_Set_Prime_Theorem.lean:495:12: try 'simp' instead of 'simpa'

Note: This linter can be disabled with `set_option linter.unnecessarySimpa false`
warning: lean/Gap_Set_Prime_Theorem.lean:425:49: This simp argument is unused:
  Array.getElem?_replicate

Hint: Omit it from the simp argument list.
  simp [Array.getD_eq_getD_getElem?, A̵r̵r̵a̵y̵.̵g̵e̵t̵E̵l̵e̵m̵?̵_̵r̵e̵p̵l̵i̵c̵a̵t̵e̵,̵ ̵hlt]

Note: This linter can be disabled with `set_option linter.unusedSimpArgs false`
warning: lean/Gap_Set_Prime_Theorem.lean:412:89: this tactic is never executed

Note: This linter can be disabled with `set_option linter.unreachableTactic false`
warning: lean/Gap_Set_Prime_Theorem.lean:422:20: this tactic is never executed

Note: This linter can be disabled with `set_option linter.unreachableTactic false`
warning: lean/Gap_Set_Prime_Theorem.lean:412:89: 'simp' tactic does nothing

Note: This linter can be disabled with `set_option linter.unusedTactic false`
warning: lean/Gap_Set_Prime_Theorem.lean:422:20: 'simp' tactic does nothing

Note: This linter can be disabled with `set_option linter.unusedTactic false`
✔ [7645/7729] Built Anomaly_28K_Protocol_Theorem (87s)
✔ [7646/7729] Built Binding_Energy_Oscillation_Protocol_Theorem (87s)
✔ [7647/7729] Built Universal_Ticks_Theorem (87s)
⚠ [7648/7729] Built Decimal_Mod13_Concurrency_Theorem (87s)
warning: lean/Decimal_Mod13_Concurrency_Theorem.lean:52:6: try 'simp' instead of 'simpa'

Note: This linter can be disabled with `set_option linter.unnecessarySimpa false`
warning: lean/Decimal_Mod13_Concurrency_Theorem.lean:54:12: This simp argument is unused:
  ten_pow_three_add_one_mod13

Hint: Omit it from the simp argument list.
  simp ̵[̵t̵e̵n̵_̵p̵o̵w̵_̵t̵h̵r̵e̵e̵_̵a̵d̵d̵_̵o̵n̵e̵_̵m̵o̵d̵1̵3̵]̵

Note: This linter can be disabled with `set_option linter.unusedSimpArgs false`
warning: lean/Decimal_Mod13_Concurrency_Theorem.lean:64:6: try 'simp' instead of 'simpa'

Note: This linter can be disabled with `set_option linter.unnecessarySimpa false`
warning: lean/Decimal_Mod13_Concurrency_Theorem.lean:68:12: This simp argument is unused:
  ten_pow_six_mod13

Hint: Omit it from the simp argument list.
  simp ̵[̵t̵e̵n̵_̵p̵o̵w̵_̵s̵i̵x̵_̵m̵o̵d̵1̵3̵]̵

Note: This linter can be disabled with `set_option linter.unusedSimpArgs false`
warning: lean/Decimal_Mod13_Concurrency_Theorem.lean:76:6: try 'simp' instead of 'simpa'

Note: This linter can be disabled with `set_option linter.unnecessarySimpa false`
warning: lean/Decimal_Mod13_Concurrency_Theorem.lean:82:6: try 'simp' instead of 'simpa'

Note: This linter can be disabled with `set_option linter.unnecessarySimpa false`
warning: lean/Decimal_Mod13_Concurrency_Theorem.lean:78:12: This simp argument is unused:
  ten_pow_six_mod13

Hint: Omit it from the simp argument list.
  simp ̵[̵t̵e̵n̵_̵p̵o̵w̵_̵s̵i̵x̵_̵m̵o̵d̵1̵3̵]̵

Note: This linter can be disabled with `set_option linter.unusedSimpArgs false`
warning: lean/Decimal_Mod13_Concurrency_Theorem.lean:88:6: try 'simp' instead of 'simpa'

Note: This linter can be disabled with `set_option linter.unnecessarySimpa false`
warning: lean/Decimal_Mod13_Concurrency_Theorem.lean:94:6: try 'simp' instead of 'simpa'

Note: This linter can be disabled with `set_option linter.unnecessarySimpa false`
⚠ [7649/7729] Built REST_Seam_Core_Theorem (87s)
warning: lean/REST_Seam_Core_Theorem.lean:45:29: This simp argument is unused:
  Nat.add_assoc

Hint: Omit it from the simp argument list.
  simp [birth, Nat.succ_mul, N̵a̵t̵.̵a̵d̵d̵_̵a̵s̵s̵o̵c̵,̵ ̵Nat.add_comm, Nat.add_left_comm]

Note: This linter can be disabled with `set_option linter.unusedSimpArgs false`
warning: lean/REST_Seam_Core_Theorem.lean:45:58: This simp argument is unused:
  Nat.add_left_comm

Hint: Omit it from the simp argument list.
  simp [birth, Nat.succ_mul, Nat.add_assoc, Nat.add_comm,̵ ̵N̵a̵t̵.̵a̵d̵d̵_̵l̵e̵f̵t̵_̵c̵o̵m̵m̵]

Note: This linter can be disabled with `set_option linter.unusedSimpArgs false`
warning: lean/REST_Seam_Core_Theorem.lean:49:36: This simp argument is unused:
  Nat.add_assoc

Hint: Omit it from the simp argument list.
  simp [seamTick, rest, birth_succ, Nat.add_a̵s̵s̵o̵c̵,̵ ̵N̵a̵t̵.̵a̵d̵d̵_̵left_comm, Nat.add_comm]

Note: This linter can be disabled with `set_option linter.unusedSimpArgs false`
warning: lean/REST_Seam_Core_Theorem.lean:49:51: This simp argument is unused:
  Nat.add_left_comm

Hint: Omit it from the simp argument list.
  simp [seamTick, rest, birth_succ, Nat.add_assoc, N̵a̵t̵.̵a̵d̵d̵_̵l̵e̵f̵t̵_̵c̵o̵m̵m̵,̵ ̵Nat.add_comm]

Note: This linter can be disabled with `set_option linter.unusedSimpArgs false`
⚠ [7650/7729] Built C_Transform_Identity_Theorem (87s)
warning: lean/C_Transform_Identity_Theorem.lean:25:2: try 'simp' instead of 'simpa'

Note: This linter can be disabled with `set_option linter.unnecessarySimpa false`
✔ [7651/7729] Built Coefficient_Denominator_Emergence_Theorem (87s)
⚠ [7652/7729] Built Seam_Generic_API_Theorem (87s)
warning: lean/Seam_Generic_API_Theorem.lean:34:39: This simp argument is unused:
  Nat.add_assoc

Hint: Omit it from the simp argument list.
  simp [seamTick, birth, Nat.succ_mul, Nat.add_a̵s̵s̵o̵c̵,̵ ̵N̵a̵t̵.̵a̵d̵d̵_̵left_comm, Nat.add_comm]

Note: This linter can be disabled with `set_option linter.unusedSimpArgs false`
warning: lean/Seam_Generic_API_Theorem.lean:34:54: This simp argument is unused:
  Nat.add_left_comm

Hint: Omit it from the simp argument list.
  simp [seamTick, birth, Nat.succ_mul, Nat.add_assoc, N̵a̵t̵.̵a̵d̵d̵_̵l̵e̵f̵t̵_̵c̵o̵m̵m̵,̵ ̵Nat.add_comm]

Note: This linter can be disabled with `set_option linter.unusedSimpArgs false`
warning: lean/Seam_Generic_API_Theorem.lean:51:10: try 'simp' instead of 'simpa'

Note: This linter can be disabled with `set_option linter.unnecessarySimpa false`
warning: lean/Seam_Generic_API_Theorem.lean:49:50: This simp argument is unused:
  Nat.add_left_comm

Hint: Omit it from the simp argument list.
  simp [state, seamTick, Nat.add_assoc, N̵a̵t̵.̵a̵d̵d̵_̵l̵e̵f̵t̵_̵c̵o̵m̵m̵,̵ ̵Nat.add_comm]

Note: This linter can be disabled with `set_option linter.unusedSimpArgs false`
warning: lean/Seam_Generic_API_Theorem.lean:61:10: try 'simp' instead of 'simpa'

Note: This linter can be disabled with `set_option linter.unnecessarySimpa false`
warning: lean/Seam_Generic_API_Theorem.lean:75:10: try 'simp' instead of 'simpa'

Note: This linter can be disabled with `set_option linter.unnecessarySimpa false`
✔ [7653/7729] Built Critical_Scale_7_14_28_Integration_Protocol_Theorem (87s)
✔ [7654/7729] Built DNA_Helix_REST_HalfStep_Protocol_Theorem (87s)
✔ [7655/7729] Built Observer_Tick_Axis_Choice_Theorem (6.1s)
⚠ [7656/7729] Built Trinity_HalfStep_Dual_Theorem (6.1s)
warning: lean/Trinity_HalfStep_Dual_Theorem.lean:42:8: try 'simp' instead of 'simpa'

Note: This linter can be disabled with `set_option linter.unnecessarySimpa false`
⚠ [7657/7729] Built CycleStep_Orbit_NAxes_Theorem (6.4s)
warning: lean/CycleStep_Orbit_NAxes_Theorem.lean:61:79: This simp argument is unused:
  Nat.mul_assoc

Hint: Omit it from the simp argument list.
  simp [lcmList, ih hxs, List.prod_cons, Nat.Coprime.lcm_eq_mul hcop_prod,̵ ̵N̵a̵t̵.̵m̵u̵l̵_̵a̵s̵s̵o̵c̵]

Note: This linter can be disabled with `set_option linter.unusedSimpArgs false`
✔ [7658/7729] Built Chromatic_Breathing_52_Concurrency_Theorem (6.4s)
⚠ [7659/7729] Built Quarter_Cycle_ZMod_Theorem (6.4s)
warning: lean/Quarter_Cycle_ZMod_Theorem.lean:27:12: try 'simp' instead of 'simpa'

Note: This linter can be disabled with `set_option linter.unnecessarySimpa false`
warning: lean/Quarter_Cycle_ZMod_Theorem.lean:80:12: try 'simp' instead of 'simpa'

Note: This linter can be disabled with `set_option linter.unnecessarySimpa false`
warning: lean/Quarter_Cycle_ZMod_Theorem.lean:85:12: try 'simp' instead of 'simpa'

Note: This linter can be disabled with `set_option linter.unnecessarySimpa false`
⚠ [7660/7729] Built Exact_Cancellation_Product_Theorem (6.6s)
warning: lean/Exact_Cancellation_Product_Theorem.lean:50:10: try 'simp' instead of 'simpa'

Note: This linter can be disabled with `set_option linter.unnecessarySimpa false`
warning: lean/Exact_Cancellation_Product_Theorem.lean:59:10: try 'simp' instead of 'simpa'

Note: This linter can be disabled with `set_option linter.unnecessarySimpa false`
warning: lean/Exact_Cancellation_Product_Theorem.lean:52:16: This simp argument is unused:
  mul_comm

Hint: Omit it from the simp argument list.
  simp [̵m̵u̵l̵_̵c̵o̵m̵m̵,̵ ̵m̵u̵l̵_̵l̵e̵f̵t̵_̵c̵o̵m̵m̵,̵[̲m̲u̲l̲_̲l̲e̲f̲t̲_̲c̲o̲m̲m̲,̲ mul_assoc]

Note: This linter can be disabled with `set_option linter.unusedSimpArgs false`
warning: lean/Exact_Cancellation_Product_Theorem.lean:52:26: This simp argument is unused:
  mul_left_comm

Hint: Omit it from the simp argument list.
  simp [mul_comm, mul_l̵e̵f̵t̵_̵c̵o̵m̵m̵,̵ ̵m̵u̵l̵_̵assoc]

Note: This linter can be disabled with `set_option linter.unusedSimpArgs false`
warning: lean/Exact_Cancellation_Product_Theorem.lean:52:41: This simp argument is unused:
  mul_assoc

Hint: Omit it from the simp argument list.
  simp [mul_comm, mul_left_comm,̵ ̵m̵u̵l̵_̵a̵s̵s̵o̵c̵]

Note: This linter can be disabled with `set_option linter.unusedSimpArgs false`
warning: lean/Exact_Cancellation_Product_Theorem.lean:107:14: try 'simp' instead of 'simpa'

Note: This linter can be disabled with `set_option linter.unnecessarySimpa false`
warning: lean/Exact_Cancellation_Product_Theorem.lean:112:59: This simp argument is unused:
  mul_assoc

Hint: Omit it from the simp argument list.
  simp [hneg, PowerSeries.rescale_rescale, hscale, mul_a̵s̵s̵o̵c,̵ ̵m̵u̵l̵_̵c̵omm, mul_left_comm]

Note: This linter can be disabled with `set_option linter.unusedSimpArgs false`
warning: lean/Exact_Cancellation_Product_Theorem.lean:112:70: This simp argument is unused:
  mul_comm

Hint: Omit it from the simp argument list.
  simp [hneg, PowerSeries.rescale_rescale, hscale, mul_assoc, mul_c̵o̵m̵m̵,̵ ̵m̵u̵l_̵l̵eft_comm]

Note: This linter can be disabled with `set_option linter.unusedSimpArgs false`
warning: lean/Exact_Cancellation_Product_Theorem.lean:112:80: This simp argument is unused:
  mul_left_comm

Hint: Omit it from the simp argument list.
  simp [hneg, PowerSeries.rescale_rescale, hscale, mul_assoc, mul_comm,̵ ̵m̵u̵l̵_̵l̵e̵f̵t̵_̵c̵o̵m̵m̵]

Note: This linter can be disabled with `set_option linter.unusedSimpArgs false`
warning: lean/Exact_Cancellation_Product_Theorem.lean:127:45: This simp argument is unused:
  mul_assoc

Hint: Omit it from the simp argument list.
  simp [P, factor_is_even, ih', map_mul,̵ ̵m̵u̵l̵_̵a̵s̵s̵o̵c̵]

Note: This linter can be disabled with `set_option linter.unusedSimpArgs false`
warning: lean/Exact_Cancellation_Product_Theorem.lean:166:6: try 'simp' instead of 'simpa'

Note: This linter can be disabled with `set_option linter.unnecessarySimpa false`
warning: lean/Exact_Cancellation_Product_Theorem.lean:160:18: This simp argument is unused:
  expNegHalfScaled

Hint: Omit it from the simp argument list.
  simp [bias, e̵x̵p̵N̵e̵g̵H̵a̵l̵f̵S̵c̵a̵l̵e̵d̵,̵ ̵ExactCancellation.E, PowerSeries.rescale_zero_apply]

Note: This linter can be disabled with `set_option linter.unusedSimpArgs false`
warning: lean/Exact_Cancellation_Product_Theorem.lean:160:57: This simp argument is unused:
  PowerSeries.rescale_zero_apply

Hint: Omit it from the simp argument list.
  simp [bias, expNegHalfScaled, ExactCancellation.E,̵ ̵P̵o̵w̵e̵r̵S̵e̵r̵i̵e̵s̵.̵r̵e̵s̵c̵a̵l̵e̵_̵z̵e̵r̵o̵_̵a̵p̵p̵l̵y̵]

Note: This linter can be disabled with `set_option linter.unusedSimpArgs false`
warning: lean/Exact_Cancellation_Product_Theorem.lean:201:10: try 'simp' instead of 'simpa'

Note: This linter can be disabled with `set_option linter.unnecessarySimpa false`
warning: lean/Exact_Cancellation_Product_Theorem.lean:205:16: This simp argument is unused:
  mul_assoc

Hint: Omit it from the simp argument list.
  simp [̵m̵u̵l̵_̵a̵s̵s̵o̵c̵,̵ ̵m̵u̵l̵_̵c̵o̵m̵m̵,̵[̲m̲u̲l̲_̲c̲o̲m̲m̲,̲ mul_left_comm]

Note: This linter can be disabled with `set_option linter.unusedSimpArgs false`
warning: lean/Exact_Cancellation_Product_Theorem.lean:224:12: try 'simp' instead of 'simpa'

Note: This linter can be disabled with `set_option linter.unnecessarySimpa false`
⚠ [7661/7729] Built Diminished_Chord_ZMod12_Theorem (10s)
warning: lean/Diminished_Chord_ZMod12_Theorem.lean:107:12: try 'simp' instead of 'simpa'

Note: This linter can be disabled with `set_option linter.unnecessarySimpa false`
warning: lean/Diminished_Chord_ZMod12_Theorem.lean:109:12: try 'simp' instead of 'simpa'

Note: This linter can be disabled with `set_option linter.unnecessarySimpa false`
warning: lean/Diminished_Chord_ZMod12_Theorem.lean:116:12: try 'simp' instead of 'simpa'

Note: This linter can be disabled with `set_option linter.unnecessarySimpa false`
warning: lean/Diminished_Chord_ZMod12_Theorem.lean:118:12: try 'simp' instead of 'simpa'

Note: This linter can be disabled with `set_option linter.unnecessarySimpa false`
warning: lean/Diminished_Chord_ZMod12_Theorem.lean:125:12: try 'simp' instead of 'simpa'

Note: This linter can be disabled with `set_option linter.unnecessarySimpa false`
warning: lean/Diminished_Chord_ZMod12_Theorem.lean:127:12: try 'simp' instead of 'simpa'

Note: This linter can be disabled with `set_option linter.unnecessarySimpa false`
warning: lean/Diminished_Chord_ZMod12_Theorem.lean:99:10: This simp argument is unused:
  a

Hint: Omit it from the simp argument list.
  simp ̵[̵a̵]̵

Note: This linter can be disabled with `set_option linter.unusedSimpArgs false`
warning: lean/Diminished_Chord_ZMod12_Theorem.lean:100:10: This simp argument is unused:
  a

Hint: Omit it from the simp argument list.
  simp ̵[̵a̵]̵

Note: This linter can be disabled with `set_option linter.unusedSimpArgs false`
warning: lean/Diminished_Chord_ZMod12_Theorem.lean:148:4: try 'simp' instead of 'simpa'

Note: This linter can be disabled with `set_option linter.unnecessarySimpa false`
warning: lean/Diminished_Chord_ZMod12_Theorem.lean:176:14: try 'simp' instead of 'simpa'

Note: This linter can be disabled with `set_option linter.unnecessarySimpa false`
warning: lean/Diminished_Chord_ZMod12_Theorem.lean:179:14: try 'simp' instead of 'simpa'

Note: This linter can be disabled with `set_option linter.unnecessarySimpa false`
warning: lean/Diminished_Chord_ZMod12_Theorem.lean:191:14: try 'simp' instead of 'simpa'

Note: This linter can be disabled with `set_option linter.unnecessarySimpa false`
warning: lean/Diminished_Chord_ZMod12_Theorem.lean:194:14: try 'simp' instead of 'simpa'

Note: This linter can be disabled with `set_option linter.unnecessarySimpa false`
warning: lean/Diminished_Chord_ZMod12_Theorem.lean:205:14: try 'simp' instead of 'simpa'

Note: This linter can be disabled with `set_option linter.unnecessarySimpa false`
warning: lean/Diminished_Chord_ZMod12_Theorem.lean:208:14: try 'simp' instead of 'simpa'

Note: This linter can be disabled with `set_option linter.unnecessarySimpa false`
✔ [7662/7729] Built GetBangCompat (72s)
⚠ [7663/7729] Built Recursive_Grid_CarryCascade_Theorem (68s)
warning: lean/Recursive_Grid_CarryCascade_Theorem.lean:66:32: try 'simp' instead of 'simpa'

Note: This linter can be disabled with `set_option linter.unnecessarySimpa false`
warning: lean/Recursive_Grid_CarryCascade_Theorem.lean:67:34: try 'simp' instead of 'simpa'

Note: This linter can be disabled with `set_option linter.unnecessarySimpa false`
warning: lean/Recursive_Grid_CarryCascade_Theorem.lean:68:8: try 'simp' instead of 'simpa'

Note: This linter can be disabled with `set_option linter.unnecessarySimpa false`
warning: lean/Recursive_Grid_CarryCascade_Theorem.lean:60:41: This simp argument is unused:
  Nat.add_left_comm

Hint: Omit it from the simp argument list.
  simp [Nat.add_assoc, N̵a̵t̵.̵a̵d̵d̵_̵l̵e̵f̵t̵_̵c̵o̵m̵m̵,̵ ̵Nat.add_comm]

Note: This linter can be disabled with `set_option linter.unusedSimpArgs false`
warning: lean/Recursive_Grid_CarryCascade_Theorem.lean:93:6: try 'simp' instead of 'simpa'

Note: This linter can be disabled with `set_option linter.unnecessarySimpa false`
warning: lean/Recursive_Grid_CarryCascade_Theorem.lean:95:6: try 'simp' instead of 'simpa'

Note: This linter can be disabled with `set_option linter.unnecessarySimpa false`
warning: lean/Recursive_Grid_CarryCascade_Theorem.lean:120:51: try 'simp' instead of 'simpa'

Note: This linter can be disabled with `set_option linter.unnecessarySimpa false`
⚠ [7664/7729] Built Recursive_Grid_Base10_Theorem (68s)
warning: lean/Recursive_Grid_Base10_Theorem.lean:54:2: try 'simp' instead of 'simpa'

Note: This linter can be disabled with `set_option linter.unnecessarySimpa false`
warning: lean/Recursive_Grid_Base10_Theorem.lean:70:44: try 'simp' instead of 'simpa'

Note: This linter can be disabled with `set_option linter.unnecessarySimpa false`
warning: lean/Recursive_Grid_Base10_Theorem.lean:82:6: try 'simp' instead of 'simpa'

Note: This linter can be disabled with `set_option linter.unnecessarySimpa false`
warning: lean/Recursive_Grid_Base10_Theorem.lean:84:6: try 'simp' instead of 'simpa'

Note: This linter can be disabled with `set_option linter.unnecessarySimpa false`
warning: lean/Recursive_Grid_Base10_Theorem.lean:111:8: try 'simp' instead of 'simpa'

Note: This linter can be disabled with `set_option linter.unnecessarySimpa false`
warning: lean/Recursive_Grid_Base10_Theorem.lean:118:4: try 'simp' instead of 'simpa'

Note: This linter can be disabled with `set_option linter.unnecessarySimpa false`
warning: lean/Recursive_Grid_Base10_Theorem.lean:108:14: This simp argument is unused:
  Nat.add_assoc

Hint: Omit it from the simp argument list.
  simp [Nat.add_a̵s̵s̵o̵c̵,̵ ̵N̵a̵t̵.̵a̵d̵d̵_̵left_comm, Nat.add_comm]

Note: This linter can be disabled with `set_option linter.unusedSimpArgs false`
warning: lean/Recursive_Grid_Base10_Theorem.lean:151:2: try 'simp' instead of 'simpa'

Note: This linter can be disabled with `set_option linter.unnecessarySimpa false`
⚠ [7665/7729] Built RecursiveGrid_IndexOfIndexes_Bridge_Theorem (68s)
warning: lean/RecursiveGrid_IndexOfIndexes_Bridge_Theorem.lean:77:12: This simp argument is unused:
  h

Hint: Omit it from the simp argument list.
  simp ̵[̵h̵]̵

Note: This linter can be disabled with `set_option linter.unusedSimpArgs false`
warning: lean/RecursiveGrid_IndexOfIndexes_Bridge_Theorem.lean:102:18: try 'simp' instead of 'simpa'

Note: This linter can be disabled with `set_option linter.unnecessarySimpa false`
warning: lean/RecursiveGrid_IndexOfIndexes_Bridge_Theorem.lean:121:63: try 'simp' instead of 'simpa'

Note: This linter can be disabled with `set_option linter.unnecessarySimpa false`
⚠ [7666/7729] Built REST_Seam_Classification_Theorem (68s)
warning: lean/REST_Seam_Classification_Theorem.lean:24:2: try 'simp' instead of 'simpa'

Note: This linter can be disabled with `set_option linter.unnecessarySimpa false`
warning: lean/REST_Seam_Classification_Theorem.lean:22:42: unused variable `hr`

Note: This linter can be disabled with `set_option linter.unusedVariables false`
⚠ [7667/7729] Built Semigroup_Concurrency_Theorem (68s)
warning: lean/Semigroup_Concurrency_Theorem.lean:51:16: This simp argument is unused:
  Nat.add_assoc

Hint: Omit it from the simp argument list.
  simp [Nat.add_a̵s̵s̵o̵c̵,̵ ̵N̵a̵t̵.̵a̵d̵d̵_̵left_comm, Nat.add_comm]

Note: This linter can be disabled with `set_option linter.unusedSimpArgs false`
warning: lean/Semigroup_Concurrency_Theorem.lean:51:31: This simp argument is unused:
  Nat.add_left_comm

Hint: Omit it from the simp argument list.
  simp [Nat.add_assoc, N̵a̵t̵.̵a̵d̵d̵_̵l̵e̵f̵t̵_̵c̵o̵m̵m̵,̵ ̵Nat.add_comm]

Note: This linter can be disabled with `set_option linter.unusedSimpArgs false`
warning: lean/Semigroup_Concurrency_Theorem.lean:65:16: This simp argument is unused:
  Nat.add_assoc

Hint: Omit it from the simp argument list.
  simp [Nat.add_a̵s̵s̵o̵c̵,̵ ̵N̵a̵t̵.̵a̵d̵d̵_̵left_comm, Nat.add_comm]

Note: This linter can be disabled with `set_option linter.unusedSimpArgs false`
warning: lean/Semigroup_Concurrency_Theorem.lean:65:31: This simp argument is unused:
  Nat.add_left_comm

Hint: Omit it from the simp argument list.
  simp [Nat.add_assoc, N̵a̵t̵.̵a̵d̵d̵_̵l̵e̵f̵t̵_̵c̵o̵m̵m̵,̵ ̵Nat.add_comm]

Note: This linter can be disabled with `set_option linter.unusedSimpArgs false`
⚠ [7668/7729] Built Tn_Exact_Definition (74s)
warning: lean/Tn_Exact_Definition.lean:64:31: This simp argument is unused:
  mul_assoc

Hint: Omit it from the simp argument list.
  simp [scaleCoeffs, degIndex, m̵u̵l̵_̵a̵s̵s̵o̵c̵,̵ ̵mul_left_comm, mul_comm]

Note: This linter can be disabled with `set_option linter.unusedSimpArgs false`
warning: lean/Tn_Exact_Definition.lean:64:57: This simp argument is unused:
  mul_comm

Hint: Omit it from the simp argument list.
  simp [scaleCoeffs, degIndex, mul_assoc, mul_left_comm,̵ ̵m̵u̵l̵_̵c̵o̵m̵m̵]

Note: This linter can be disabled with `set_option linter.unusedSimpArgs false`
warning: lean/Tn_Exact_Definition.lean:74:31: This simp argument is unused:
  mul_assoc

Hint: Omit it from the simp argument list.
  simp [scaleCoeffs, degIndex, m̵u̵l̵_̵a̵s̵s̵o̵c̵,̵ ̵mul_left_comm, mul_comm]

Note: This linter can be disabled with `set_option linter.unusedSimpArgs false`
warning: lean/Tn_Exact_Definition.lean:74:57: This simp argument is unused:
  mul_comm

Hint: Omit it from the simp argument list.
  simp [scaleCoeffs, degIndex, mul_assoc, mul_left_comm,̵ ̵m̵u̵l̵_̵c̵o̵m̵m̵]

Note: This linter can be disabled with `set_option linter.unusedSimpArgs false`
warning: lean/Tn_Exact_Definition.lean:141:40: try 'simp' instead of 'simpa'

Note: This linter can be disabled with `set_option linter.unnecessarySimpa false`
warning: lean/Tn_Exact_Definition.lean:156:8: This simp argument is unused:
  TnTrunc

Hint: Omit it from the simp argument list.
  simp [T̵n̵T̵r̵u̵n̵c̵,̵ ̵hx1_le_N, hx2_le_N, idxOfLe, mul_assoc, mul_left_comm, mul_comm]

Note: This linter can be disabled with `set_option linter.unusedSimpArgs false`
warning: lean/Tn_Exact_Definition.lean:156:72: This simp argument is unused:
  mul_comm

Hint: Omit it from the simp argument list.
  simp [TnTrunc, hx1_le_N, hx2_le_N, idxOfLe, mul_assoc, mul_left_comm,̵ ̵m̵u̵l̵_̵c̵o̵m̵m̵]

Note: This linter can be disabled with `set_option linter.unusedSimpArgs false`
✔ [7669/7729] Built Monster_AP12_Filter_Theorem (68s)
✔ [7670/7729] Built Tn_Recurrence_Universality_Degree8_Theorem (74s)
⚠ [7671/7729] Built Moonshine_LogMod_Coordinates_Theorem (65s)
warning: lean/Moonshine_LogMod_Coordinates_Theorem.lean:267:2: try 'simp' instead of 'simpa'

Note: This linter can be disabled with `set_option linter.unnecessarySimpa false`
warning: lean/Moonshine_LogMod_Coordinates_Theorem.lean:273:2: try 'simp' instead of 'simpa'

Note: This linter can be disabled with `set_option linter.unnecessarySimpa false`
warning: lean/Moonshine_LogMod_Coordinates_Theorem.lean:289:2: try 'simp' instead of 'simpa'

Note: This linter can be disabled with `set_option linter.unnecessarySimpa false`
⚠ [7672/7729] Built Node_Building_Monotonicity_Theorem (5.3s)
warning: lean/Node_Building_Monotonicity_Theorem.lean:90:8: try 'simp' instead of 'simpa'

Note: This linter can be disabled with `set_option linter.unnecessarySimpa false`
warning: lean/Node_Building_Monotonicity_Theorem.lean:93:34: try 'simp' instead of 'simpa'

Note: This linter can be disabled with `set_option linter.unnecessarySimpa false`
⚠ [7673/7729] Built Observer_Tick_Axis_Family_Theorem (5.6s)
warning: lean/Observer_Tick_Axis_Family_Theorem.lean:94:2: try 'simp' instead of 'simpa'

Note: This linter can be disabled with `set_option linter.unnecessarySimpa false`
✔ [7674/7729] Built Acoustic_Critical_Positions_Protocol_Theorem (65s)
✔ [7675/7729] Built Acoustic_N13_Prediction_Protocol_Theorem (65s)
✔ [7676/7729] Built Anchor_144_Cross_Domain_Integration_Protocol_Theorem (64s)
✔ [7677/7729] Built Boundary_Overlap_Prediction_Protocol_Theorem (65s)
✔ [7678/7729] Built REST_Seam_Generic_Canonical_Equiv_Theorem (67s)
⚠ [7679/7729] Built REST_Seam_Overlap_Theorem (65s)
warning: lean/REST_Seam_Overlap_Theorem.lean:27:4: try 'simp' instead of 'simpa'

Note: This linter can be disabled with `set_option linter.unnecessarySimpa false`
warning: lean/REST_Seam_Overlap_Theorem.lean:30:4: try 'simp' instead of 'simpa'

Note: This linter can be disabled with `set_option linter.unnecessarySimpa false`
warning: lean/REST_Seam_Overlap_Theorem.lean:38:4: try 'simp' instead of 'simpa'

Note: This linter can be disabled with `set_option linter.unnecessarySimpa false`
warning: lean/REST_Seam_Overlap_Theorem.lean:39:4: try 'simp' instead of 'simpa'

Note: This linter can be disabled with `set_option linter.unnecessarySimpa false`
warning: lean/REST_Seam_Overlap_Theorem.lean:47:4: try 'simp' instead of 'simpa'

Note: This linter can be disabled with `set_option linter.unnecessarySimpa false`
warning: lean/REST_Seam_Overlap_Theorem.lean:48:4: try 'simp' instead of 'simpa'

Note: This linter can be disabled with `set_option linter.unnecessarySimpa false`
warning: lean/REST_Seam_Overlap_Theorem.lean:56:4: try 'simp' instead of 'simpa'

Note: This linter can be disabled with `set_option linter.unnecessarySimpa false`
warning: lean/REST_Seam_Overlap_Theorem.lean:57:4: try 'simp' instead of 'simpa'

Note: This linter can be disabled with `set_option linter.unnecessarySimpa false`
✔ [7680/7729] Built REST_Seam_ObserverProjection_Bridge_Theorem (65s)
✔ [7681/7729] Built Musical_Harmony_13_Over_N_Protocol_Theorem (60s)
✔ [7682/7729] Built Quantum_Hall_N13_Prediction_Protocol_Theorem (59s)
✔ [7683/7729] Built UFRF_Core_DualTrinity_FineStructure_Theorem (65s)
✔ [7684/7729] Built Submagic_Multiples13_Prediction_Protocol_Theorem (98s)
✔ [7685/7729] Built Shell_Gap_Projection_Protocol_Theorem (98s)
✔ [7686/7729] Built Neural_Oscillation_13x_Protocol_Theorem (98s)
✔ [7687/7729] Built Protein_Folding_Positions_Protocol_Theorem (98s)
✔ [7688/7729] Built Projection_Distance_Monotonicity_Protocol_Theorem (98s)
✔ [7689/7729] Built Tc_SqrtPhi_Enhancement_Protocol_Theorem (98s)
✔ [7690/7729] Built Phase_Transition_144_Scale_Protocol_Theorem (98s)
✔ [7691/7729] Built Tensor_Projection_Law_V3_Protocol_Theorem (98s)
✔ [7692/7729] Built Projection_Tensor_Rowsum_Scalar_Bridge_Protocol_Theorem (98s)
✔ [7693/7729] Built Monster_Pair_Origin_Uniqueness_Protocol_Theorem (98s)
⚠ [7694/7729] Built Recursive_Grid_BlockPeriodicity_Theorem (84s)
warning: lean/Recursive_Grid_BlockPeriodicity_Theorem.lean:59:6: try 'simp' instead of 'simpa'

Note: This linter can be disabled with `set_option linter.unnecessarySimpa false`
warning: lean/Recursive_Grid_BlockPeriodicity_Theorem.lean:61:6: try 'simp' instead of 'simpa'

Note: This linter can be disabled with `set_option linter.unnecessarySimpa false`
warning: lean/Recursive_Grid_BlockPeriodicity_Theorem.lean:48:14: This simp argument is unused:
  Nat.mul_assoc

Hint: Omit it from the simp argument list.
  simp [̵N̵a̵t̵.̵m̵u̵l̵_̵a̵s̵s̵o̵c̵,̵ ̵N̵a̵t̵.̵m̵u̵l̵_̵l̵e̵f̵t̵_̵c̵o̵m̵m̵,̵[̲N̲a̲t̲.̲m̲u̲l̲_̲l̲e̲f̲t̲_̲c̲o̲m̲m̲,̲ Nat.mul_comm]

Note: This linter can be disabled with `set_option linter.unusedSimpArgs false`
warning: lean/Recursive_Grid_BlockPeriodicity_Theorem.lean:48:48: This simp argument is unused:
  Nat.mul_comm

Hint: Omit it from the simp argument list.
  simp [Nat.mul_assoc, Nat.mul_left_comm,̵ ̵N̵a̵t̵.̵m̵u̵l̵_̵c̵o̵m̵m̵]

Note: This linter can be disabled with `set_option linter.unusedSimpArgs false`
warning: lean/Recursive_Grid_BlockPeriodicity_Theorem.lean:91:32: This simp argument is unused:
  Nat.add_left_comm

Hint: Omit it from the simp argument list.
  simp [Nat.add_comm, N̵a̵t̵.̵a̵d̵d̵_̵l̵e̵f̵t̵_̵c̵o̵m̵m̵,̵ ̵Nat.add_assoc]

Note: This linter can be disabled with `set_option linter.unusedSimpArgs false`
warning: lean/Recursive_Grid_BlockPeriodicity_Theorem.lean:91:51: This simp argument is unused:
  Nat.add_assoc

Hint: Omit it from the simp argument list.
  simp [Nat.add_comm, Nat.add_left_comm,̵ ̵N̵a̵t̵.̵a̵d̵d̵_̵a̵s̵s̵o̵c̵]

Note: This linter can be disabled with `set_option linter.unusedSimpArgs false`
warning: lean/Recursive_Grid_BlockPeriodicity_Theorem.lean:114:12: try 'simp' instead of 'simpa'

Note: This linter can be disabled with `set_option linter.unnecessarySimpa false`
⚠ [7695/7729] Built Semigroup_Standard_Semantics_Theorem (84s)
warning: lean/Semigroup_Standard_Semantics_Theorem.lean:72:16: This simp argument is unused:
  List.append_assoc

Hint: Omit it from the simp argument list.
  simp ̵[̵L̵i̵s̵t̵.̵a̵p̵p̵e̵n̵d̵_̵a̵s̵s̵o̵c̵]̵

Note: This linter can be disabled with `set_option linter.unusedSimpArgs false`
warning: lean/Semigroup_Standard_Semantics_Theorem.lean:87:42: This simp argument is unused:
  Nat.add_comm

Hint: Omit it from the simp argument list.
  simp [Nat.add_assoc, Nat.add_left_comm, N̵a̵t̵.̵a̵d̵d̵_̵c̵o̵m̵m̵,̵ ̵Nat.add_mul]

Note: This linter can be disabled with `set_option linter.unusedSimpArgs false`
warning: lean/Semigroup_Standard_Semantics_Theorem.lean:110:4: try 'simp' instead of 'simpa'

Note: This linter can be disabled with `set_option linter.unnecessarySimpa false`
✔ [7696/7729] Built Tn_Truncation_Coherence (84s)
⚠ [7697/7729] Built Moonshine_Inevitability_From_UFRF_Theorem (84s)
warning: lean/Moonshine_Inevitability_From_UFRF_Theorem.lean:46:2: try 'simp' instead of 'simpa'

Note: This linter can be disabled with `set_option linter.unnecessarySimpa false`
✔ [7698/7729] Built Monster_AP12_Uniqueness_Protocol_Theorem (84s)
✔ [7699/7729] Built Monster_Source_AP12_Inevitability_Protocol_Theorem (84s)
✔ [7700/7729] Built Moonshine_Inevitability_From_Source_Protocol_Theorem (84s)
✔ [7701/7729] Built REST_Anchor_Cross_Domain_Protocol_Theorem (84s)
✔ [7702/7729] Built Network_Scale_Threshold_Integration_Protocol_Theorem (84s)
✔ [7703/7729] Built Tn_Recurrence_Universality_Degree9_Theorem (84s)
⚠ [7704/7729] Built NodeClosure_Singleton_Generic_Theorem (7.3s)
warning: lean/NodeClosure_Singleton_Generic_Theorem.lean:29:28: try 'simp' instead of 'simpa'

Note: This linter can be disabled with `set_option linter.unnecessarySimpa false`
✔ [7705/7729] Built Seam_Generic_NodeClosure_Bridge_Theorem (54s)
⚠ [7706/7729] Built REST_Seam_Transport_Core_Theorem (62s)
warning: lean/REST_Seam_Transport_Core_Theorem.lean:25:33: try 'simp' instead of 'simpa'

Note: This linter can be disabled with `set_option linter.unnecessarySimpa false`
warning: lean/REST_Seam_Transport_Core_Theorem.lean:25:69: this tactic is never executed

Note: This linter can be disabled with `set_option linter.unreachableTactic false`
warning: lean/REST_Seam_Transport_Core_Theorem.lean:25:69: 'decide' tactic does nothing

Note: This linter can be disabled with `set_option linter.unusedTactic false`
warning: lean/REST_Seam_Transport_Core_Theorem.lean:37:33: try 'simp' instead of 'simpa'

Note: This linter can be disabled with `set_option linter.unnecessarySimpa false`
warning: lean/REST_Seam_Transport_Core_Theorem.lean:37:69: this tactic is never executed

Note: This linter can be disabled with `set_option linter.unreachableTactic false`
warning: lean/REST_Seam_Transport_Core_Theorem.lean:37:69: 'decide' tactic does nothing

Note: This linter can be disabled with `set_option linter.unusedTactic false`
⚠ [7707/7729] Built REST_Seam_RecursiveGrid_Bridge_Theorem (62s)
warning: lean/REST_Seam_RecursiveGrid_Bridge_Theorem.lean:35:33: try 'simp' instead of 'simpa'

Note: This linter can be disabled with `set_option linter.unnecessarySimpa false`
warning: lean/REST_Seam_RecursiveGrid_Bridge_Theorem.lean:35:69: this tactic is never executed

Note: This linter can be disabled with `set_option linter.unreachableTactic false`
warning: lean/REST_Seam_RecursiveGrid_Bridge_Theorem.lean:35:69: 'decide' tactic does nothing

Note: This linter can be disabled with `set_option linter.unusedTactic false`
warning: lean/REST_Seam_RecursiveGrid_Bridge_Theorem.lean:49:20: This simp argument is unused:
  Nat.add_assoc

Hint: Omit it from the simp argument list.
  simp [Nat.add_a̵s̵s̵o̵c̵,̵ ̵N̵a̵t̵.̵a̵d̵d̵_̵left_comm, Nat.add_comm, Nat.mul_comm]

Note: This linter can be disabled with `set_option linter.unusedSimpArgs false`
warning: lean/REST_Seam_RecursiveGrid_Bridge_Theorem.lean:49:35: This simp argument is unused:
  Nat.add_left_comm

Hint: Omit it from the simp argument list.
  simp [Nat.add_assoc, N̵a̵t̵.̵a̵d̵d̵_̵l̵e̵f̵t̵_̵c̵o̵m̵m̵,̵ ̵Nat.add_comm, Nat.mul_comm]

Note: This linter can be disabled with `set_option linter.unusedSimpArgs false`
✔ [7708/7729] Built Semigroup_Unity_One_Theorem (62s)
⚠ [7709/7729] Built UFRF_Minimal_Semigroup_Seed_Theorem (62s)
warning: lean/UFRF_Minimal_Semigroup_Seed_Theorem.lean:164:8: try 'simp' instead of 'simpa'

Note: This linter can be disabled with `set_option linter.unnecessarySimpa false`
warning: lean/UFRF_Minimal_Semigroup_Seed_Theorem.lean:179:12: try 'simp' instead of 'simpa'

Note: This linter can be disabled with `set_option linter.unnecessarySimpa false`
warning: lean/UFRF_Minimal_Semigroup_Seed_Theorem.lean:184:12: try 'simp' instead of 'simpa'

Note: This linter can be disabled with `set_option linter.unnecessarySimpa false`
⚠ [7710/7729] Built UFRF_Global_Gap_Theorem (62s)
warning: lean/UFRF_Global_Gap_Theorem.lean:85:20: Try `simp at hle` instead of `simpa using hle`

Note: This linter can be disabled with `set_option linter.unnecessarySimpa false`
warning: lean/UFRF_Global_Gap_Theorem.lean:89:20: Try `simp at hle1` instead of `simpa using hle1`

Note: This linter can be disabled with `set_option linter.unnecessarySimpa false`
warning: lean/UFRF_Global_Gap_Theorem.lean:124:37: Try `simp at htrue` instead of `simpa using htrue`

Note: This linter can be disabled with `set_option linter.unnecessarySimpa false`
warning: lean/UFRF_Global_Gap_Theorem.lean:187:22: Try `simp at this` instead of `simpa using this`

Note: This linter can be disabled with `set_option linter.unnecessarySimpa false`
warning: lean/UFRF_Global_Gap_Theorem.lean:189:22: Try `simp at this` instead of `simpa using this`

Note: This linter can be disabled with `set_option linter.unnecessarySimpa false`
warning: lean/UFRF_Global_Gap_Theorem.lean:191:22: Try `simp at this` instead of `simpa using this`

Note: This linter can be disabled with `set_option linter.unnecessarySimpa false`
⚠ [7711/7729] Built Tn_Singleton_ClosedForm (62s)
warning: lean/Tn_Singleton_ClosedForm.lean:32:39: This simp argument is unused:
  degIndex_val

Hint: Omit it from the simp argument list.
  simp [TnTruncated.aCoeffs, TnTruncated.mulCoeffs_one_left, TnTruncated.factorCoeffs,
      TnTruncated.factorCoeff, degIndex,̵ ̵d̵e̵g̵I̵n̵d̵e̵x̵_̵v̵a̵l̵]

Note: This linter can be disabled with `set_option linter.unusedSimpArgs false`
⚠ [7712/7729] Built Multidimensional_Ticks_Theorem (62s)
warning: lean/Multidimensional_Ticks_Theorem.lean:32:29: This simp argument is unused:
  Nat.mul_assoc

Hint: Omit it from the simp argument list.
  simp [tick10, Nat.pow_add, N̵a̵t̵.̵m̵u̵l̵_̵a̵s̵s̵o̵c̵,̵ ̵Nat.mul_left_comm, Nat.mul_comm]

Note: This linter can be disabled with `set_option linter.unusedSimpArgs false`
warning: lean/Multidimensional_Ticks_Theorem.lean:47:29: This simp argument is unused:
  Nat.mul_assoc

Hint: Omit it from the simp argument list.
  simp [tick10, Nat.mul_mod, N̵a̵t̵.̵m̵u̵l̵_̵a̵s̵s̵o̵c̵,̵ ̵Nat.mul_left_comm, Nat.mul_comm]

Note: This linter can be disabled with `set_option linter.unusedSimpArgs false`
warning: lean/Multidimensional_Ticks_Theorem.lean:47:44: This simp argument is unused:
  Nat.mul_left_comm

Hint: Omit it from the simp argument list.
  simp [tick10, Nat.mul_mod, Nat.mul_assoc, N̵a̵t̵.̵m̵u̵l̵_̵l̵e̵f̵t̵_̵c̵o̵m̵m̵,̵ ̵Nat.mul_comm]

Note: This linter can be disabled with `set_option linter.unusedSimpArgs false`
warning: lean/Multidimensional_Ticks_Theorem.lean:47:63: This simp argument is unused:
  Nat.mul_comm

Hint: Omit it from the simp argument list.
  simp [tick10, Nat.mul_mod, Nat.mul_assoc, Nat.mul_left_comm,̵ ̵N̵a̵t̵.̵m̵u̵l̵_̵c̵o̵m̵m̵]

Note: This linter can be disabled with `set_option linter.unusedSimpArgs false`
warning: lean/Multidimensional_Ticks_Theorem.lean:56:20: try 'simp' instead of 'simpa'

Note: This linter can be disabled with `set_option linter.unnecessarySimpa false`
warning: lean/Multidimensional_Ticks_Theorem.lean:128:6: try 'simp' instead of 'simpa'

Note: This linter can be disabled with `set_option linter.unnecessarySimpa false`
warning: lean/Multidimensional_Ticks_Theorem.lean:135:6: try 'simp' instead of 'simpa'

Note: This linter can be disabled with `set_option linter.unnecessarySimpa false`
warning: lean/Multidimensional_Ticks_Theorem.lean:380:4: try 'simp' instead of 'simpa'

Note: This linter can be disabled with `set_option linter.unnecessarySimpa false`
warning: lean/Multidimensional_Ticks_Theorem.lean:436:4: try 'simp' instead of 'simpa'

Note: This linter can be disabled with `set_option linter.unnecessarySimpa false`
warning: lean/Multidimensional_Ticks_Theorem.lean:508:4: try 'simp' instead of 'simpa'

Note: This linter can be disabled with `set_option linter.unnecessarySimpa false`
warning: lean/Multidimensional_Ticks_Theorem.lean:516:4: try 'simp' instead of 'simpa'

Note: This linter can be disabled with `set_option linter.unnecessarySimpa false`
warning: lean/Multidimensional_Ticks_Theorem.lean:685:23: Used `tac1 <;> tac2` where `(tac1; tac2)` would suffice

Note: This linter can be disabled with `set_option linter.unnecessarySeqFocus false`
warning: lean/Multidimensional_Ticks_Theorem.lean:693:23: Used `tac1 <;> tac2` where `(tac1; tac2)` would suffice

Note: This linter can be disabled with `set_option linter.unnecessarySeqFocus false`
✔ [7713/7729] Built Tn_Recurrence_Universality_Degree10_Theorem (62s)
✔ [7714/7729] Built Layer0_Kernel (28s)
✖ [7715/7729] Building Aspect_Projection_Kernel_Theorem (28s)
trace: .> LEAN_PATH=/Users/dcharb/Documents/Kimi_Agent_UFRF, Fel Polynomials, Moonshine/.lake/packages/Cli/.lake/build/lib/lean:/Users/dcharb/Documents/Kimi_Agent_UFRF, Fel Polynomials, Moonshine/.lake/packages/batteries/.lake/build/lib/lean:/Users/dcharb/Documents/Kimi_Agent_UFRF, Fel Polynomials, Moonshine/.lake/packages/Qq/.lake/build/lib/lean:/Users/dcharb/Documents/Kimi_Agent_UFRF, Fel Polynomials, Moonshine/.lake/packages/aesop/.lake/build/lib/lean:/Users/dcharb/Documents/Kimi_Agent_UFRF, Fel Polynomials, Moonshine/.lake/packages/proofwidgets/.lake/build/lib/lean:/Users/dcharb/Documents/Kimi_Agent_UFRF, Fel Polynomials, Moonshine/.lake/packages/importGraph/.lake/build/lib/lean:/Users/dcharb/Documents/Kimi_Agent_UFRF, Fel Polynomials, Moonshine/.lake/packages/LeanSearchClient/.lake/build/lib/lean:/Users/dcharb/Documents/Kimi_Agent_UFRF, Fel Polynomials, Moonshine/.lake/packages/plausible/.lake/build/lib/lean:/Users/dcharb/Documents/Kimi_Agent_UFRF, Fel Polynomials, Moonshine/.lake/packages/mathlib/.lake/build/lib/lean:/Users/dcharb/Documents/Kimi_Agent_UFRF, Fel Polynomials, Moonshine/.lake/build/lib/lean /Users/dcharb/.elan/toolchains/leanprover--lean4---v4.26.0-rc2/bin/lean /Users/dcharb/Documents/Kimi_Agent_UFRF, Fel Polynomials, Moonshine/lean/Aspect_Projection_Kernel_Theorem.lean -o /Users/dcharb/Documents/Kimi_Agent_UFRF, Fel Polynomials, Moonshine/.lake/build/lib/lean/Aspect_Projection_Kernel_Theorem.olean -i /Users/dcharb/Documents/Kimi_Agent_UFRF, Fel Polynomials, Moonshine/.lake/build/lib/lean/Aspect_Projection_Kernel_Theorem.ilean -c /Users/dcharb/Documents/Kimi_Agent_UFRF, Fel Polynomials, Moonshine/.lake/build/ir/Aspect_Projection_Kernel_Theorem.c --setup /Users/dcharb/Documents/Kimi_Agent_UFRF, Fel Polynomials, Moonshine/.lake/build/ir/Aspect_Projection_Kernel_Theorem.setup.json --json
error: lean/Aspect_Projection_Kernel_Theorem.lean:266:4: type expected, got
  (aspect_projection_package_globalTick_add 1 [3, 11, 13] 1 1 1 1 ?m.21 ?m.22
  ?m.23 : projectView scaleView [3, 11, 13] (tick10 (globalTick [3, 11, 13] 1 1 + globalTick [3, 11, 13] 1 1) 1) =
    projectView scaleView [3, 11, 13] 1 ∧
  projectView residueView [3, 11, 13] (tick10 (globalTick [3, 11, 13] 1 1 + globalTick [3, 11, 13] 1 1) 1) =
    projectView residueView [3, 11, 13] 1)
error: Lean exited with code 1
✔ [7716/7729] Built REST_Seam_NodeClosure_Bridge_Theorem (30s)
✔ [7719/7729] Built REST_Seam_Transport_Theorem (30s)
✔ [7720/7729] Built UFRF_Seed_Global_Gap_Theorem (30s)
✔ [7721/7729] Built Tn_Pair_ClosedForm (30s)
✖ [7722/7729] Building REST_Seam_SystemCoordMixed_Bridge_Theorem (12s)
trace: .> LEAN_PATH=/Users/dcharb/Documents/Kimi_Agent_UFRF, Fel Polynomials, Moonshine/.lake/packages/Cli/.lake/build/lib/lean:/Users/dcharb/Documents/Kimi_Agent_UFRF, Fel Polynomials, Moonshine/.lake/packages/batteries/.lake/build/lib/lean:/Users/dcharb/Documents/Kimi_Agent_UFRF, Fel Polynomials, Moonshine/.lake/packages/Qq/.lake/build/lib/lean:/Users/dcharb/Documents/Kimi_Agent_UFRF, Fel Polynomials, Moonshine/.lake/packages/aesop/.lake/build/lib/lean:/Users/dcharb/Documents/Kimi_Agent_UFRF, Fel Polynomials, Moonshine/.lake/packages/proofwidgets/.lake/build/lib/lean:/Users/dcharb/Documents/Kimi_Agent_UFRF, Fel Polynomials, Moonshine/.lake/packages/importGraph/.lake/build/lib/lean:/Users/dcharb/Documents/Kimi_Agent_UFRF, Fel Polynomials, Moonshine/.lake/packages/LeanSearchClient/.lake/build/lib/lean:/Users/dcharb/Documents/Kimi_Agent_UFRF, Fel Polynomials, Moonshine/.lake/packages/plausible/.lake/build/lib/lean:/Users/dcharb/Documents/Kimi_Agent_UFRF, Fel Polynomials, Moonshine/.lake/packages/mathlib/.lake/build/lib/lean:/Users/dcharb/Documents/Kimi_Agent_UFRF, Fel Polynomials, Moonshine/.lake/build/lib/lean /Users/dcharb/.elan/toolchains/leanprover--lean4---v4.26.0-rc2/bin/lean /Users/dcharb/Documents/Kimi_Agent_UFRF, Fel Polynomials, Moonshine/lean/REST_Seam_SystemCoordMixed_Bridge_Theorem.lean -o /Users/dcharb/Documents/Kimi_Agent_UFRF, Fel Polynomials, Moonshine/.lake/build/lib/lean/REST_Seam_SystemCoordMixed_Bridge_Theorem.olean -i /Users/dcharb/Documents/Kimi_Agent_UFRF, Fel Polynomials, Moonshine/.lake/build/lib/lean/REST_Seam_SystemCoordMixed_Bridge_Theorem.ilean -c /Users/dcharb/Documents/Kimi_Agent_UFRF, Fel Polynomials, Moonshine/.lake/build/ir/REST_Seam_SystemCoordMixed_Bridge_Theorem.c --setup /Users/dcharb/Documents/Kimi_Agent_UFRF, Fel Polynomials, Moonshine/.lake/build/ir/REST_Seam_SystemCoordMixed_Bridge_Theorem.setup.json --json
error: lean/REST_Seam_SystemCoordMixed_Bridge_Theorem.lean:24:64: unsolved goals
g r : ℕ
hr : r ≤ 3
hnode : CycleStepOrbit.nodeClosure [14] 1 r
hr0 : r = 0
⊢ (10 + g * 10) % 2 = 0 ∧ (10 + g * 10) % 5 = 0
warning: lean/REST_Seam_SystemCoordMixed_Bridge_Theorem.lean:27:49: This simp argument is unused:
  Nat.add_assoc

Hint: Omit it from the simp argument list.
  simp [systemCoordMixed, seamTick, birth, rest, Nat.add_a̵s̵s̵o̵c̵,̵ ̵N̵a̵t̵.̵a̵d̵d̵_̵left_comm, Nat.add_comm,
  ̵  ̵ ̵ ̵Nat.mul_assoc,
  ̲  ̲ ̲ ̲Nat.mul_left_comm, Nat.mul_comm]

Note: This linter can be disabled with `set_option linter.unusedSimpArgs false`
warning: lean/REST_Seam_SystemCoordMixed_Bridge_Theorem.lean:27:64: This simp argument is unused:
  Nat.add_left_comm

Hint: Omit it from the simp argument list.
  simp [systemCoordMixed, seamTick, birth, rest, Nat.add_assoc, N̵a̵t̵.̵a̵d̵d̵_̵l̵e̵f̵t̵_̵c̵o̵m̵m̵,̵ ̵Nat.add_comm, Nat.mul_assoc,
  ̲  ̲ ̲ ̲Nat.mul_left_comm, Nat.mul_comm]

Note: This linter can be disabled with `set_option linter.unusedSimpArgs false`
warning: lean/REST_Seam_SystemCoordMixed_Bridge_Theorem.lean:28:4: This simp argument is unused:
  Nat.mul_assoc

Hint: Omit it from the simp argument list.
  simp [systemCoordMixed, seamTick, birth, rest, Nat.add_assoc, Nat.add_left_comm, Nat.add_comm,
      Nat.mul_a̵s̵s̵o̵c̵,̵ ̵N̵a̵t̵.̵m̵u̵l_̵l̵eft_comm, Nat.mul_comm]

Note: This linter can be disabled with `set_option linter.unusedSimpArgs false`
warning: lean/REST_Seam_SystemCoordMixed_Bridge_Theorem.lean:28:19: This simp argument is unused:
  Nat.mul_left_comm

Hint: Omit it from the simp argument list.
  simp [systemCoordMixed, seamTick, birth, rest, Nat.add_assoc, Nat.add_left_comm, Nat.add_comm,
      Nat.mul_assoc, Nat.mul_l̵e̵f̵t̵_̵comm,̵ ̵N̵a̵t̵.̵m̵u̵l̵_̵c̵o̵m̵m̵]

Note: This linter can be disabled with `set_option linter.unusedSimpArgs false`
warning: lean/REST_Seam_SystemCoordMixed_Bridge_Theorem.lean:28:38: This simp argument is unused:
  Nat.mul_comm

Hint: Omit it from the simp argument list.
  simp [systemCoordMixed, seamTick, birth, rest, Nat.add_assoc, Nat.add_left_comm, Nat.add_comm,
      Nat.mul_assoc, Nat.mul_left_comm,̵ ̵N̵a̵t̵.̵m̵u̵l̵_̵c̵o̵m̵m̵]

Note: This linter can be disabled with `set_option linter.unusedSimpArgs false`
warning: lean/REST_Seam_SystemCoordMixed_Bridge_Theorem.lean:39:49: try 'simp' instead of 'simpa'

Note: This linter can be disabled with `set_option linter.unnecessarySimpa false`
warning: lean/REST_Seam_SystemCoordMixed_Bridge_Theorem.lean:55:49: try 'simp' instead of 'simpa'

Note: This linter can be disabled with `set_option linter.unnecessarySimpa false`
warning: lean/REST_Seam_SystemCoordMixed_Bridge_Theorem.lean:72:49: try 'simp' instead of 'simpa'

Note: This linter can be disabled with `set_option linter.unnecessarySimpa false`
error: Lean exited with code 1
Some required targets logged failures:
- Aspect_Projection_Kernel_Theorem
- REST_Seam_SystemCoordMixed_Bridge_Theorem
error: build failed
real 1164.77
user 487.28
sys 2948.46
