⚠ [7588/7596] Replayed Recursive_Grid_Base13_Theorem
warning: lean/Recursive_Grid_Base13_Theorem.lean:51:60: This simp argument is unused:
  Nat.mul_left_comm

Hint: Omit it from the simp argument list.
  simp [Nat.pow_succ, Nat.div_div_eq_div_mul, Nat.mul_comm, N̵a̵t̵.̵m̵u̵l̵_̵l̵e̵f̵t̵_̵c̵o̵m̵m̵,̵ ̵Nat.mul_assoc]

Note: This linter can be disabled with `set_option linter.unusedSimpArgs false`
warning: lean/Recursive_Grid_Base13_Theorem.lean:51:79: This simp argument is unused:
  Nat.mul_assoc

Hint: Omit it from the simp argument list.
  simp [Nat.pow_succ, Nat.div_div_eq_div_mul, Nat.mul_comm, Nat.mul_left_comm,̵ ̵N̵a̵t̵.̵m̵u̵l̵_̵a̵s̵s̵o̵c̵]

Note: This linter can be disabled with `set_option linter.unusedSimpArgs false`
warning: lean/Recursive_Grid_Base13_Theorem.lean:72:2: try 'simp' instead of 'simpa'

Note: This linter can be disabled with `set_option linter.unnecessarySimpa false`
warning: lean/Recursive_Grid_Base13_Theorem.lean:93:8: try 'simp' instead of 'simpa'

Note: This linter can be disabled with `set_option linter.unnecessarySimpa false`
warning: lean/Recursive_Grid_Base13_Theorem.lean:109:6: try 'simp' instead of 'simpa'

Note: This linter can be disabled with `set_option linter.unnecessarySimpa false`
warning: lean/Recursive_Grid_Base13_Theorem.lean:111:6: try 'simp' instead of 'simpa'

Note: This linter can be disabled with `set_option linter.unnecessarySimpa false`
warning: lean/Recursive_Grid_Base13_Theorem.lean:146:40: try 'simp' instead of 'simpa'

Note: This linter can be disabled with `set_option linter.unnecessarySimpa false`
warning: lean/Recursive_Grid_Base13_Theorem.lean:148:39: This simp argument is unused:
  Nat.mul_left_comm

Hint: Omit it from the simp argument list.
  simp [Nat.pow_add, Nat.mul_comm, N̵a̵t̵.̵m̵u̵l̵_̵l̵e̵f̵t̵_̵c̵o̵m̵m̵,̵ ̵Nat.mul_assoc]

Note: This linter can be disabled with `set_option linter.unusedSimpArgs false`
warning: lean/Recursive_Grid_Base13_Theorem.lean:148:58: This simp argument is unused:
  Nat.mul_assoc

Hint: Omit it from the simp argument list.
  simp [Nat.pow_add, Nat.mul_comm, Nat.mul_left_comm,̵ ̵N̵a̵t̵.̵m̵u̵l̵_̵a̵s̵s̵o̵c̵]

Note: This linter can be disabled with `set_option linter.unusedSimpArgs false`
warning: lean/Recursive_Grid_Base13_Theorem.lean:173:2: try 'simp' instead of 'simpa'

Note: This linter can be disabled with `set_option linter.unnecessarySimpa false`
warning: lean/Recursive_Grid_Base13_Theorem.lean:215:8: try 'simp' instead of 'simpa'

Note: This linter can be disabled with `set_option linter.unnecessarySimpa false`
warning: lean/Recursive_Grid_Base13_Theorem.lean:224:6: try 'simp' instead of 'simpa'

Note: This linter can be disabled with `set_option linter.unnecessarySimpa false`
warning: lean/Recursive_Grid_Base13_Theorem.lean:228:60: try 'simp' instead of 'simpa'

Note: This linter can be disabled with `set_option linter.unnecessarySimpa false`
⚠ [7589/7596] Replayed Seam_Generic_API_Theorem
warning: lean/Seam_Generic_API_Theorem.lean:34:39: This simp argument is unused:
  Nat.add_assoc

Hint: Omit it from the simp argument list.
  simp [seamTick, birth, Nat.succ_mul, Nat.add_a̵s̵s̵o̵c̵,̵ ̵N̵a̵t̵.̵a̵d̵d̵_̵left_comm, Nat.add_comm]

Note: This linter can be disabled with `set_option linter.unusedSimpArgs false`
warning: lean/Seam_Generic_API_Theorem.lean:34:54: This simp argument is unused:
  Nat.add_left_comm

Hint: Omit it from the simp argument list.
  simp [seamTick, birth, Nat.succ_mul, Nat.add_assoc, N̵a̵t̵.̵a̵d̵d̵_̵l̵e̵f̵t̵_̵c̵o̵m̵m̵,̵ ̵Nat.add_comm]

Note: This linter can be disabled with `set_option linter.unusedSimpArgs false`
warning: lean/Seam_Generic_API_Theorem.lean:51:10: try 'simp' instead of 'simpa'

Note: This linter can be disabled with `set_option linter.unnecessarySimpa false`
warning: lean/Seam_Generic_API_Theorem.lean:49:50: This simp argument is unused:
  Nat.add_left_comm

Hint: Omit it from the simp argument list.
  simp [state, seamTick, Nat.add_assoc, N̵a̵t̵.̵a̵d̵d̵_̵l̵e̵f̵t̵_̵c̵o̵m̵m̵,̵ ̵Nat.add_comm]

Note: This linter can be disabled with `set_option linter.unusedSimpArgs false`
warning: lean/Seam_Generic_API_Theorem.lean:61:10: try 'simp' instead of 'simpa'

Note: This linter can be disabled with `set_option linter.unnecessarySimpa false`
warning: lean/Seam_Generic_API_Theorem.lean:75:10: try 'simp' instead of 'simpa'

Note: This linter can be disabled with `set_option linter.unnecessarySimpa false`
⚠ [7590/7596] Replayed REST_Seam_Core_Theorem
warning: lean/REST_Seam_Core_Theorem.lean:45:29: This simp argument is unused:
  Nat.add_assoc

Hint: Omit it from the simp argument list.
  simp [birth, Nat.succ_mul, N̵a̵t̵.̵a̵d̵d̵_̵a̵s̵s̵o̵c̵,̵ ̵Nat.add_comm, Nat.add_left_comm]

Note: This linter can be disabled with `set_option linter.unusedSimpArgs false`
warning: lean/REST_Seam_Core_Theorem.lean:45:58: This simp argument is unused:
  Nat.add_left_comm

Hint: Omit it from the simp argument list.
  simp [birth, Nat.succ_mul, Nat.add_assoc, Nat.add_comm,̵ ̵N̵a̵t̵.̵a̵d̵d̵_̵l̵e̵f̵t̵_̵c̵o̵m̵m̵]

Note: This linter can be disabled with `set_option linter.unusedSimpArgs false`
warning: lean/REST_Seam_Core_Theorem.lean:49:36: This simp argument is unused:
  Nat.add_assoc

Hint: Omit it from the simp argument list.
  simp [seamTick, rest, birth_succ, Nat.add_a̵s̵s̵o̵c̵,̵ ̵N̵a̵t̵.̵a̵d̵d̵_̵left_comm, Nat.add_comm]

Note: This linter can be disabled with `set_option linter.unusedSimpArgs false`
warning: lean/REST_Seam_Core_Theorem.lean:49:51: This simp argument is unused:
  Nat.add_left_comm

Hint: Omit it from the simp argument list.
  simp [seamTick, rest, birth_succ, Nat.add_assoc, N̵a̵t̵.̵a̵d̵d̵_̵l̵e̵f̵t̵_̵c̵o̵m̵m̵,̵ ̵Nat.add_comm]

Note: This linter can be disabled with `set_option linter.unusedSimpArgs false`
⚠ [7592/7596] Replayed REST_Seam_Transport_Core_Theorem
warning: lean/REST_Seam_Transport_Core_Theorem.lean:25:33: try 'simp' instead of 'simpa'

Note: This linter can be disabled with `set_option linter.unnecessarySimpa false`
warning: lean/REST_Seam_Transport_Core_Theorem.lean:25:69: this tactic is never executed

Note: This linter can be disabled with `set_option linter.unreachableTactic false`
warning: lean/REST_Seam_Transport_Core_Theorem.lean:25:69: 'decide' tactic does nothing

Note: This linter can be disabled with `set_option linter.unusedTactic false`
warning: lean/REST_Seam_Transport_Core_Theorem.lean:37:33: try 'simp' instead of 'simpa'

Note: This linter can be disabled with `set_option linter.unnecessarySimpa false`
warning: lean/REST_Seam_Transport_Core_Theorem.lean:37:69: this tactic is never executed

Note: This linter can be disabled with `set_option linter.unreachableTactic false`
warning: lean/REST_Seam_Transport_Core_Theorem.lean:37:69: 'decide' tactic does nothing

Note: This linter can be disabled with `set_option linter.unusedTactic false`
⚠ [7594/7596] Replayed REST_Seam_Classification_Theorem
warning: lean/REST_Seam_Classification_Theorem.lean:24:2: try 'simp' instead of 'simpa'

Note: This linter can be disabled with `set_option linter.unnecessarySimpa false`
warning: lean/REST_Seam_Classification_Theorem.lean:22:42: unused variable `hr`

Note: This linter can be disabled with `set_option linter.unusedVariables false`
✔ [7596/7596] Built Spiral_Octave_Closure_Theorem (19s)
Build completed successfully (7596 jobs).
